![[Pasted image 20260414190438.png]]


LR overridden to 1.00e-04 via --lr flag
{
    "train": {
        "epochs": 100,
        "batch_size": 32,
        "lr": 0.0001,
        "itr_per_epoch": 100000000.0
    },
    "diffusion": {
        "layers": 4,
        "channels": 64,
        "nheads": 8,
        "diffusion_embedding_dim": 128,
        "beta_start": 0.0001,
        "beta_end": 0.5,
        "num_steps": 50,
        "schedule": "quad",
        "is_linear": false,
        "h_size": 0,
        "ref_size": 12
    },
    "model": {
        "is_unconditional": 0,
        "timeemb": 128,
        "featureemb": 16,
        "target_strategy": "test",
        "use_reference": true
    }
}
Resuming from checkpoint: /kaggle/working/ratd/save/fashion_visuelle2_n0_20260414_111340/checkpoint_latest.pth
Continuing run folder  : /kaggle/working/ratd/save/fashion_visuelle2_n0_20260414_111340

Run folder : /kaggle/working/ratd/save/fashion_visuelle2_n0_20260414_111340
Device     : cuda

  [Dataset_Visuelle2 | train] 96166 samples | 5355 unique products
/usr/local/lib/python3.12/dist-packages/sklearn/base.py:380: InconsistentVersionWarning: Trying to unpickle estimator StandardScaler from version 1.7.2 when using version 1.6.1. This might lead to breaking code or invalid results. Use at your own risk. For more info please refer to:
[https://scikit-learn.org/stable/model_persistence.html#security-maintainability-limitations](https://scikit-learn.org/stable/model_persistence.html#security-maintainability-limitations)
  warnings.warn(
  [Dataset_Visuelle2 | test] 10684 samples | 5355 unique products
Sales scaler: scale=0.030833  mean=0.023682

Model parameters: 984,849

[15:23:27] Resumed from epoch 81  (best_val=0.174464)  continuing   ]8;id=261015;[file:///kaggle/working/ratd/utils.py](file:///kaggle/working/ratd/utils.py)\utils.py]8;;\:]8;id=865207;[file:///kaggle/working/ratd/utils.py#145](file:///kaggle/working/ratd/utils.py#145)\145]8;;\
           from epoch 82  lr=1.00e-04                                           
  Epoch   82/99 ━━━━━━━━━━━━━━━━━━━━━━━━ 3006/3006 loss=0.142960 0:02:46 0:00:00m 0:00:0100:08
[15:26:14] Epoch   82  train_loss=0.142960  lr=1.00e-04             ]8;id=427513;[file:///kaggle/working/ratd/utils.py](file:///kaggle/working/ratd/utils.py)\utils.py]8;;\:]8;id=375908;[file:///kaggle/working/ratd/utils.py#185](file:///kaggle/working/ratd/utils.py#185)\185]8;;\
  Epoch   83/99 ━━━━━━━━━━━━━━━━━━━━━━━━ 3006/3006 loss=0.142862 0:02:46 0:00:00m 0:00:0100:08
[15:29:00] Epoch   83  train_loss=0.142862  lr=1.00e-04             ]8;id=473689;[file:///kaggle/working/ratd/utils.py](file:///kaggle/working/ratd/utils.py)\utils.py]8;;\:]8;id=414812;[file:///kaggle/working/ratd/utils.py#185](file:///kaggle/working/ratd/utils.py#185)\185]8;;\
  Epoch   84/99 ━━━━━━━━━━━━━━━━━━━━━━━━ 3006/3006 loss=0.143062 0:02:46 0:00:00m 0:00:0100:08
[15:31:47] Epoch   84  train_loss=0.143062  lr=1.00e-04             ]8;id=934555;[file:///kaggle/working/ratd/utils.py](file:///kaggle/working/ratd/utils.py)\utils.py]8;;\:]8;id=758260;[file:///kaggle/working/ratd/utils.py#185](file:///kaggle/working/ratd/utils.py#185)\185]8;;\
            checkpoint saved:                                      ]8;id=529046;[file:///kaggle/working/ratd/utils.py](file:///kaggle/working/ratd/utils.py)\utils.py]8;;\:]8;id=926516;[file:///kaggle/working/ratd/utils.py#196](file:///kaggle/working/ratd/utils.py#196)\196]8;;\
           /kaggle/working/ratd/save/fashion_visuelle2_n0_20260414_             
           111340/checkpoint_epoch85.pth                                        
  Epoch   85/99 ━━━━━━━━━━━━━━━━━━━━━━━━ 3006/3006 loss=0.141993 0:02:46 0:00:00m 0:00:0100:08
[15:34:34] Epoch   85  train_loss=0.141993  lr=1.00e-04             ]8;id=301747;[file:///kaggle/working/ratd/utils.py](file:///kaggle/working/ratd/utils.py)\utils.py]8;;\:]8;id=58642;[file:///kaggle/working/ratd/utils.py#185](file:///kaggle/working/ratd/utils.py#185)\185]8;;\
  Epoch   86/99 ━━━━━━━━━━━━━━━━━━━━━━━━ 3006/3006 loss=0.143091 0:02:47 0:00:00m 0:00:0100:08
[15:37:22] Epoch   86  train_loss=0.143091  lr=1.00e-04             ]8;id=129079;[file:///kaggle/working/ratd/utils.py](file:///kaggle/working/ratd/utils.py)\utils.py]8;;\:]8;id=642801;[file:///kaggle/working/ratd/utils.py#185](file:///kaggle/working/ratd/utils.py#185)\185]8;;\
  Epoch   87/99 ━━━━━━━━━━━━━━━━━━━━━━━━ 3006/3006 loss=0.142444 0:02:46 0:00:00m 0:00:0100:07
[15:40:08] Epoch   87  train_loss=0.142444  lr=1.00e-04             ]8;id=572386;[file:///kaggle/working/ratd/utils.py](file:///kaggle/working/ratd/utils.py)\utils.py]8;;\:]8;id=948336;[file:///kaggle/working/ratd/utils.py#185](file:///kaggle/working/ratd/utils.py#185)\185]8;;\
  Epoch   88/99 ━━━━━━━━━━━━━━━━━━━━━━━━ 3006/3006 loss=0.143947 0:02:47 0:00:00m 0:00:0100:08
[15:42:56] Epoch   88  train_loss=0.143947  lr=1.00e-04             ]8;id=758482;[file:///kaggle/working/ratd/utils.py](file:///kaggle/working/ratd/utils.py)\utils.py]8;;\:]8;id=471624;[file:///kaggle/working/ratd/utils.py#185](file:///kaggle/working/ratd/utils.py#185)\185]8;;\
  Epoch   89/99 ━━━━━━━━━━━━━━━━━━━━━━━━ 3006/3006 loss=0.142229 0:02:50 0:00:00m 0:00:0100:08
[15:45:46] Epoch   89  train_loss=0.142229  lr=1.00e-05             ]8;id=823368;[file:///kaggle/working/ratd/utils.py](file:///kaggle/working/ratd/utils.py)\utils.py]8;;\:]8;id=465214;[file:///kaggle/working/ratd/utils.py#185](file:///kaggle/working/ratd/utils.py#185)\185]8;;\
            checkpoint saved:                                      ]8;id=513010;[file:///kaggle/working/ratd/utils.py](file:///kaggle/working/ratd/utils.py)\utils.py]8;;\:]8;id=718734;[file:///kaggle/working/ratd/utils.py#196](file:///kaggle/working/ratd/utils.py#196)\196]8;;\
           /kaggle/working/ratd/save/fashion_visuelle2_n0_20260414_             
           111340/checkpoint_epoch90.pth                                        
    Validation epoch   89 ━━━━━━━━━━━━ 334/334 val_loss=0.174429 0:03:31 0:00:00m 0:00:0100:18
[15:49:18]   val_loss=0.174429                                      ]8;id=57988;[file:///kaggle/working/ratd/utils.py](file:///kaggle/working/ratd/utils.py)\utils.py]8;;\:]8;id=906648;[file:///kaggle/working/ratd/utils.py#231](file:///kaggle/working/ratd/utils.py#231)\231]8;;\
            New best model (val_loss=0.174429):                    ]8;id=336585;[file:///kaggle/working/ratd/utils.py](file:///kaggle/working/ratd/utils.py)\utils.py]8;;\:]8;id=838534;[file:///kaggle/working/ratd/utils.py#238](file:///kaggle/working/ratd/utils.py#238)\238]8;;\
           /kaggle/working/ratd/save/fashion_visuelle2_n0_20260414_             
           111340/model_best.pth                                                
  Epoch   90/99 ━━━━━━━━━━━━━━━━━━━━━━━━ 3006/3006 loss=0.141841 0:02:49 0:00:00m 0:00:0100:08
[15:52:08] Epoch   90  train_loss=0.141841  lr=1.00e-05             ]8;id=214670;[file:///kaggle/working/ratd/utils.py](file:///kaggle/working/ratd/utils.py)\utils.py]8;;\:]8;id=319259;[file:///kaggle/working/ratd/utils.py#185](file:///kaggle/working/ratd/utils.py#185)\185]8;;\
  Epoch   91/99 ━━━━━━━━━━━━━━━━━━━━━━━━ 3006/3006 loss=0.141701 0:02:48 0:00:00m 0:00:0100:08
[15:54:56] Epoch   91  train_loss=0.141701  lr=1.00e-05             ]8;id=267313;[file:///kaggle/working/ratd/utils.py](file:///kaggle/working/ratd/utils.py)\utils.py]8;;\:]8;id=241850;[file:///kaggle/working/ratd/utils.py#185](file:///kaggle/working/ratd/utils.py#185)\185]8;;\
  Epoch   92/99 ━━━━━━━━━━━━━━━━━━━━━━━━ 3006/3006 loss=0.142006 0:02:48 0:00:00m 0:00:0100:08
[15:57:45] Epoch   92  train_loss=0.142006  lr=1.00e-05             ]8;id=401296;[file:///kaggle/working/ratd/utils.py](file:///kaggle/working/ratd/utils.py)\utils.py]8;;\:]8;id=43636;[file:///kaggle/working/ratd/utils.py#185](file:///kaggle/working/ratd/utils.py#185)\185]8;;\
  Epoch   93/99 ━━━━━━━━━━━━━━━━━━━━━━━━ 3006/3006 loss=0.141670 0:02:47 0:00:00m 0:00:0100:08
[16:00:33] Epoch   93  train_loss=0.141670  lr=1.00e-05             ]8;id=730821;[file:///kaggle/working/ratd/utils.py](file:///kaggle/working/ratd/utils.py)\utils.py]8;;\:]8;id=967563;[file:///kaggle/working/ratd/utils.py#185](file:///kaggle/working/ratd/utils.py#185)\185]8;;\
  Epoch   94/99 ━━━━━━━━━━━━━━━━━━━━━━━━ 3006/3006 loss=0.142146 0:02:50 0:00:00m 0:00:0100:08
[16:03:23] Epoch   94  train_loss=0.142146  lr=1.00e-05             ]8;id=664931;[file:///kaggle/working/ratd/utils.py](file:///kaggle/working/ratd/utils.py)\utils.py]8;;\:]8;id=957901;[file:///kaggle/working/ratd/utils.py#185](file:///kaggle/working/ratd/utils.py#185)\185]8;;\
            checkpoint saved:                                      ]8;id=212420;[file:///kaggle/working/ratd/utils.py](file:///kaggle/working/ratd/utils.py)\utils.py]8;;\:]8;id=446331;[file:///kaggle/working/ratd/utils.py#196](file:///kaggle/working/ratd/utils.py#196)\196]8;;\
           /kaggle/working/ratd/save/fashion_visuelle2_n0_20260414_             
           111340/checkpoint_epoch95.pth                                        
  Epoch   95/99 ━━━━━━━━━━━━━━━━━━━━━━━━ 3006/3006 loss=0.141335 0:02:50 0:00:00m 0:00:0100:08
[16:06:14] Epoch   95  train_loss=0.141335  lr=1.00e-05             ]8;id=54916;[file:///kaggle/working/ratd/utils.py](file:///kaggle/working/ratd/utils.py)\utils.py]8;;\:]8;id=550390;[file:///kaggle/working/ratd/utils.py#185](file:///kaggle/working/ratd/utils.py#185)\185]8;;\
  Epoch   96/99 ━━━━━━━━━━━━━━━━━━━━━━━━ 3006/3006 loss=0.141339 0:02:49 0:00:00m 0:00:0100:08
[16:09:03] Epoch   96  train_loss=0.141339  lr=1.00e-05             ]8;id=384285;[file:///kaggle/working/ratd/utils.py](file:///kaggle/working/ratd/utils.py)\utils.py]8;;\:]8;id=773540;[file:///kaggle/working/ratd/utils.py#185](file:///kaggle/working/ratd/utils.py#185)\185]8;;\
  Epoch   97/99 ━━━━━━━━━━━━━━━━━━━━━━━━ 3006/3006 loss=0.141551 0:02:47 0:00:00m 0:00:0100:07
[16:11:50] Epoch   97  train_loss=0.141551  lr=1.00e-05             ]8;id=930237;[file:///kaggle/working/ratd/utils.py](file:///kaggle/working/ratd/utils.py)\utils.py]8;;\:]8;id=725363;[file:///kaggle/working/ratd/utils.py#185](file:///kaggle/working/ratd/utils.py#185)\185]8;;\
  Epoch   98/99 ━━━━━━━━━━━━━━━━━━━━━━━━ 3006/3006 loss=0.140328 0:02:46 0:00:00m 0:00:0100:07
[16:14:37] Epoch   98  train_loss=0.140328  lr=1.00e-05             ]8;id=77576;[file:///kaggle/working/ratd/utils.py](file:///kaggle/working/ratd/utils.py)\utils.py]8;;\:]8;id=666043;[file:///kaggle/working/ratd/utils.py#185](file:///kaggle/working/ratd/utils.py#185)\185]8;;\
  Epoch   99/99 ━━━━━━━━━━━━━━━━━━━━━━━━ 3006/3006 loss=0.141835 0:02:45 0:00:00m 0:00:0100:07
[16:17:23] Epoch   99  train_loss=0.141835  lr=1.00e-05             ]8;id=863367;[file:///kaggle/working/ratd/utils.py](file:///kaggle/working/ratd/utils.py)\utils.py]8;;\:]8;id=766319;[file:///kaggle/working/ratd/utils.py#185](file:///kaggle/working/ratd/utils.py#185)\185]8;;\
            checkpoint saved:                                      ]8;id=315943;[file:///kaggle/working/ratd/utils.py](file:///kaggle/working/ratd/utils.py)\utils.py]8;;\:]8;id=25881;[file:///kaggle/working/ratd/utils.py#196](file:///kaggle/working/ratd/utils.py#196)\196]8;;\
           /kaggle/working/ratd/save/fashion_visuelle2_n0_20260414_             
           111340/checkpoint_epoch100.pth                                       
    Validation epoch   99 ━━━━━━━━━━━━ 334/334 val_loss=0.172296 0:03:25 0:00:00m 0:00:0100:18
[16:20:48]   val_loss=0.172296                                      ]8;id=362686;[file:///kaggle/working/ratd/utils.py](file:///kaggle/working/ratd/utils.py)\utils.py]8;;\:]8;id=70099;[file:///kaggle/working/ratd/utils.py#231](file:///kaggle/working/ratd/utils.py#231)\231]8;;\
            New best model (val_loss=0.172296):                    ]8;id=637790;[file:///kaggle/working/ratd/utils.py](file:///kaggle/working/ratd/utils.py)\utils.py]8;;\:]8;id=919033;[file:///kaggle/working/ratd/utils.py#238](file:///kaggle/working/ratd/utils.py#238)\238]8;;\
           /kaggle/working/ratd/save/fashion_visuelle2_n0_20260414_             
           111340/model_best.pth                                                
          Training complete.  Final model:                         ]8;id=285190;[file:///kaggle/working/ratd/utils.py](file:///kaggle/working/ratd/utils.py)\utils.py]8;;\:]8;id=572210;[file:///kaggle/working/ratd/utils.py#250](file:///kaggle/working/ratd/utils.py#250)\250]8;;\
           /kaggle/working/ratd/save/fashion_visuelle2_n0_20260414_             
           111340/model.pth                                                     
            Best model:                                            ]8;id=293635;[file:///kaggle/working/ratd/utils.py](file:///kaggle/working/ratd/utils.py)\utils.py]8;;\:]8;id=25017;[file:///kaggle/working/ratd/utils.py#252](file:///kaggle/working/ratd/utils.py#252)\252]8;;\
           /kaggle/working/ratd/save/fashion_visuelle2_n0_20260414_             
           111340/model_best.pth  (val_loss=0.172296)                           
⠸ Evaluating n0 ━╺━━━━━━━━━━━━━━  30/334 RMSE=1.1161  MAE=0.6436 0:15:00 2:25:32